0 info it worked if it ends with ok
1 verbose cli [ '/home/ubuntu/.nvm/versions/node/v4.7.3/bin/node',
1 verbose cli   '/home/ubuntu/.nvm/versions/node/v4.7.3/bin/npm',
1 verbose cli   'install',
1 verbose cli   'geopy',
1 verbose cli   '--save' ]
2 info using npm@2.15.11
3 info using node@v4.7.3
4 verbose install initial load of /home/ubuntu/workspace/package.json
5 verbose installManyTop reading scoped package data from /home/ubuntu/workspace/node_modules/body-parser/package.json
6 verbose installManyTop reading scoped package data from /home/ubuntu/workspace/node_modules/cors/package.json
7 verbose installManyTop reading scoped package data from /home/ubuntu/workspace/node_modules/dotenv/package.json
8 verbose installManyTop reading scoped package data from /home/ubuntu/workspace/node_modules/express/package.json
9 verbose installManyTop reading scoped package data from /home/ubuntu/workspace/node_modules/express-session/package.json
10 verbose installManyTop reading scoped package data from /home/ubuntu/workspace/node_modules/jade/package.json
11 verbose installManyTop reading scoped package data from /home/ubuntu/workspace/node_modules/mongoose/package.json
12 verbose installManyTop reading scoped package data from /home/ubuntu/workspace/node_modules/passport/package.json
13 verbose installManyTop reading scoped package data from /home/ubuntu/workspace/node_modules/passport-facebook/package.json
14 verbose installManyTop reading scoped package data from /home/ubuntu/workspace/node_modules/passport-github/package.json
15 verbose installManyTop reading scoped package data from /home/ubuntu/workspace/node_modules/passport-local/package.json
16 verbose installManyTop reading scoped package data from /home/ubuntu/workspace/node_modules/request/package.json
17 verbose installManyTop reading scoped package data from /home/ubuntu/workspace/node_modules/yelp/package.json
18 info package.json passport@0.3.2 No README data
19 info package.json passport-local@1.0.0 No license field.
20 verbose readDependencies loading dependencies from /home/ubuntu/workspace/package.json
21 silly cache add args [ 'geopy', null ]
22 verbose cache add spec geopy
23 silly cache add parsed spec Result {
23 silly cache add   raw: 'geopy',
23 silly cache add   scope: null,
23 silly cache add   name: 'geopy',
23 silly cache add   rawSpec: '',
23 silly cache add   spec: 'latest',
23 silly cache add   type: 'tag' }
24 silly addNamed geopy@latest
25 verbose addNamed "latest" is being treated as a dist-tag for geopy
26 info addNameTag [ 'geopy', 'latest' ]
27 silly mapToRegistry name geopy
28 silly mapToRegistry using default registry
29 silly mapToRegistry registry https://registry.npmjs.org/
30 silly mapToRegistry data Result {
30 silly mapToRegistry   raw: 'geopy',
30 silly mapToRegistry   scope: null,
30 silly mapToRegistry   name: 'geopy',
30 silly mapToRegistry   rawSpec: '',
30 silly mapToRegistry   spec: 'latest',
30 silly mapToRegistry   type: 'tag' }
31 silly mapToRegistry uri https://registry.npmjs.org/geopy
32 verbose addNameTag registry:https://registry.npmjs.org/geopy not in flight; fetching
33 verbose request uri https://registry.npmjs.org/geopy
34 verbose request no auth needed
35 info attempt registry request try #1 at 11:55:29 AM
36 verbose request id 6644e8f64001fbec
37 http request GET https://registry.npmjs.org/geopy
38 http 404 https://registry.npmjs.org/geopy
39 verbose headers { 'content-type': 'application/json',
39 verbose headers   'cache-control': 'max-age=0',
39 verbose headers   'content-length': '2',
39 verbose headers   'accept-ranges': 'bytes',
39 verbose headers   date: 'Fri, 07 Apr 2017 11:55:29 GMT',
39 verbose headers   via: '1.1 varnish',
39 verbose headers   age: '0',
39 verbose headers   connection: 'keep-alive',
39 verbose headers   'x-served-by': 'cache-lhr6330-LHR',
39 verbose headers   'x-cache': 'MISS',
39 verbose headers   'x-cache-hits': '0',
39 verbose headers   'x-timer': 'S1491566129.550752,VS0,VE341',
39 verbose headers   vary: 'Accept-Encoding' }
40 silly get cb [ 404,
40 silly get   { 'content-type': 'application/json',
40 silly get     'cache-control': 'max-age=0',
40 silly get     'content-length': '2',
40 silly get     'accept-ranges': 'bytes',
40 silly get     date: 'Fri, 07 Apr 2017 11:55:29 GMT',
40 silly get     via: '1.1 varnish',
40 silly get     age: '0',
40 silly get     connection: 'keep-alive',
40 silly get     'x-served-by': 'cache-lhr6330-LHR',
40 silly get     'x-cache': 'MISS',
40 silly get     'x-cache-hits': '0',
40 silly get     'x-timer': 'S1491566129.550752,VS0,VE341',
40 silly get     vary: 'Accept-Encoding' } ]
41 verbose stack Error: Registry returned 404 for GET on https://registry.npmjs.org/geopy
41 verbose stack     at makeError (/home/ubuntu/.nvm/versions/node/v4.7.3/lib/node_modules/npm/node_modules/npm-registry-client/lib/request.js:302:12)
41 verbose stack     at CachingRegistryClient.<anonymous> (/home/ubuntu/.nvm/versions/node/v4.7.3/lib/node_modules/npm/node_modules/npm-registry-client/lib/request.js:280:14)
41 verbose stack     at Request._callback (/home/ubuntu/.nvm/versions/node/v4.7.3/lib/node_modules/npm/node_modules/npm-registry-client/lib/request.js:210:14)
41 verbose stack     at Request.self.callback (/home/ubuntu/.nvm/versions/node/v4.7.3/lib/node_modules/npm/node_modules/request/request.js:187:22)
41 verbose stack     at emitTwo (events.js:87:13)
41 verbose stack     at Request.emit (events.js:172:7)
41 verbose stack     at Request.<anonymous> (/home/ubuntu/.nvm/versions/node/v4.7.3/lib/node_modules/npm/node_modules/request/request.js:1044:10)
41 verbose stack     at emitOne (events.js:77:13)
41 verbose stack     at Request.emit (events.js:169:7)
41 verbose stack     at IncomingMessage.<anonymous> (/home/ubuntu/.nvm/versions/node/v4.7.3/lib/node_modules/npm/node_modules/request/request.js:965:12)
42 verbose statusCode 404
43 verbose pkgid geopy
44 verbose cwd /home/ubuntu/workspace/app/models
45 error Linux 4.9.17-c9
46 error argv "/home/ubuntu/.nvm/versions/node/v4.7.3/bin/node" "/home/ubuntu/.nvm/versions/node/v4.7.3/bin/npm" "install" "geopy" "--save"
47 error node v4.7.3
48 error npm  v2.15.11
49 error code E404
50 error 404 Registry returned 404 for GET on https://registry.npmjs.org/geopy
50 error 404
50 error 404 'geopy' is not in the npm registry.
50 error 404 You should bug the author to publish it (or use the name yourself!)
50 error 404 It was specified as a dependency of 'clementinejs-fcc'
50 error 404
50 error 404 Note that you can also install from a
50 error 404 tarball, folder, http url, or git url.
51 verbose exit [ 1, true ]
